<?xml version="1.0" encoding="UTF-8"?>
<!-- Generated by org.testng.reporters.JUnitReportReporter -->
<testsuite hostname="LAPTOP-38MEE7AV" failures="0" tests="2" name="testCases.TC008_SearchProductTest" time="5.078" errors="0" timestamp="2024-10-21T23:15:53 IST" skipped="0">
  <testcase classname="testCases.TC008_SearchProductTest" name="verify_searchProduct" time="2.515"/>
  <system-out/>
  <testcase classname="testCases.TC008_SearchProductTest" name="verify_searchProduct" time="2.563"/>
  <system-out/>
</testsuite> <!-- testCases.TC008_SearchProductTest -->
