<?xml version="1.0" encoding="UTF-8"?>
<!-- Generated by org.testng.reporters.JUnitReportReporter -->
<testsuite hostname="LAPTOP-38MEE7AV" failures="0" tests="2" name="testCases.TC004_AddToCartTest" time="7.201" errors="0" timestamp="2024-10-21T23:15:53 IST" skipped="0">
  <testcase classname="testCases.TC004_AddToCartTest" name="verify_AddToCart" time="3.681"/>
  <system-out/>
  <testcase classname="testCases.TC004_AddToCartTest" name="verify_AddToCart" time="3.520"/>
  <system-out/>
</testsuite> <!-- testCases.TC004_AddToCartTest -->
