<?xml version="1.0" encoding="UTF-8"?>
<!-- Generated by org.testng.reporters.JUnitReportReporter -->
<testsuite hostname="LAPTOP-38MEE7AV" failures="0" tests="1" name="testCases.TC006_PasswordReset" time="3.041" errors="0" timestamp="2024-10-19T21:46:21 IST" skipped="0">
  <testcase classname="testCases.TC006_PasswordReset" name="verify_PasswordReset" time="3.041"/>
  <system-out/>
</testsuite> <!-- testCases.TC006_PasswordReset -->
