<?xml version="1.0" encoding="UTF-8"?>
<!-- Generated by org.testng.reporters.JUnitReportReporter -->
<testsuite hostname="LAPTOP-38MEE7AV" failures="0" tests="2" name="testCases.TC001_AccountRegistrationTest" time="10.279" errors="0" timestamp="2024-10-21T23:15:53 IST" skipped="0">
  <testcase classname="testCases.TC001_AccountRegistrationTest" name="verify_account_registration" time="5.929"/>
  <system-out/>
  <testcase classname="testCases.TC001_AccountRegistrationTest" name="verify_account_registration" time="4.350"/>
  <system-out/>
</testsuite> <!-- testCases.TC001_AccountRegistrationTest -->
