<?xml version="1.0" encoding="UTF-8"?>
<!-- Generated by org.testng.reporters.JUnitReportReporter -->
<testsuite hostname="LAPTOP-38MEE7AV" failures="0" tests="1" name="testCases.TC007_ProfileUpdateTest" time="2.906" errors="0" timestamp="2024-10-21T12:20:14 IST" skipped="0">
  <testcase classname="testCases.TC007_ProfileUpdateTest" name="verify_updateProfile" time="2.906"/>
  <system-out/>
</testsuite> <!-- testCases.TC007_ProfileUpdateTest -->
