<?xml version="1.0" encoding="UTF-8"?>
<!-- Generated by org.testng.reporters.JUnitReportReporter -->
<testsuite hostname="LAPTOP-38MEE7AV" failures="0" tests="2" name="testCases.TC001_AccountRegistrationTest" time="5.810" errors="0" timestamp="2024-10-08T15:14:38 IST" skipped="0">
  <testcase classname="testCases.TC001_AccountRegistrationTest" name="verify_account_registration" time="2.864"/>
  <system-out/>
  <testcase classname="testCases.TC001_AccountRegistrationTest" name="verify_account_registration" time="2.946"/>
  <system-out/>
</testsuite> <!-- testCases.TC001_AccountRegistrationTest -->
