<?xml version="1.0" encoding="UTF-8"?>
<!-- Generated by org.testng.reporters.JUnitReportReporter -->
<testsuite hostname="LAPTOP-38MEE7AV" failures="0" tests="1" name="testCases.TC004_AddToCartTest" time="2.823" errors="0" timestamp="2024-09-17T20:14:07 IST" skipped="0">
  <testcase classname="testCases.TC004_AddToCartTest" name="verify_AddToCart" time="2.823"/>
  <system-out/>
</testsuite> <!-- testCases.TC004_AddToCartTest -->
