<?xml version="1.0" encoding="UTF-8"?>
<!-- Generated by org.testng.reporters.JUnitReportReporter -->
<testsuite hostname="LAPTOP-38MEE7AV" failures="0" tests="2" name="testCases.TC009_ViewProductDetailsDescriptionTest" time="10.821" errors="0" timestamp="2024-10-21T23:15:53 IST" skipped="0">
  <testcase classname="testCases.TC009_ViewProductDetailsDescriptionTest" name="verify_productDetails" time="5.013"/>
  <system-out/>
  <testcase classname="testCases.TC009_ViewProductDetailsDescriptionTest" name="verify_productDetails" time="5.808"/>
  <system-out/>
</testsuite> <!-- testCases.TC009_ViewProductDetailsDescriptionTest -->
