<?xml version="1.0" encoding="UTF-8"?>
<!-- Generated by org.testng.reporters.JUnitReportReporter -->
<testsuite hostname="LAPTOP-38MEE7AV" failures="0" tests="2" name="testCases.TC002_LoginTest" time="3.643" errors="0" timestamp="2024-10-08T15:14:38 IST" skipped="0">
  <testcase classname="testCases.TC002_LoginTest" name="verify_login" time="1.923"/>
  <system-out/>
  <testcase classname="testCases.TC002_LoginTest" name="verify_login" time="1.720"/>
  <system-out/>
</testsuite> <!-- testCases.TC002_LoginTest -->
