<?xml version="1.0" encoding="UTF-8"?>
<!-- Generated by org.testng.reporters.JUnitReportReporter -->
<testsuite hostname="LAPTOP-38MEE7AV" failures="0" tests="2" name="testCases.TC002_LoginTest" time="6.030" errors="0" timestamp="2024-10-21T23:15:53 IST" skipped="0">
  <testcase classname="testCases.TC002_LoginTest" name="verify_login" time="2.878"/>
  <system-out/>
  <testcase classname="testCases.TC002_LoginTest" name="verify_login" time="3.152"/>
  <system-out/>
</testsuite> <!-- testCases.TC002_LoginTest -->
