<?xml version="1.0" encoding="UTF-8"?>
<!-- Generated by org.testng.reporters.JUnitReportReporter -->
<testsuite hostname="LAPTOP-38MEE7AV" failures="0" tests="1" name="testCases.TC010_AddMultipleItemsToCartTest" time="10.472" errors="0" timestamp="2024-10-24T21:50:51 IST" skipped="0">
  <testcase classname="testCases.TC010_AddMultipleItemsToCartTest" name="verify_addMultipleItemsToCart" time="10.472"/>
  <system-out/>
</testsuite> <!-- testCases.TC010_AddMultipleItemsToCartTest -->
