<?xml version="1.0" encoding="UTF-8"?>
<!-- Generated by org.testng.reporters.JUnitReportReporter -->
<testsuite hostname="LAPTOP-38MEE7AV" failures="0" tests="1" name="testCases.TC008_SearchProductTest" time="1.976" errors="0" timestamp="2024-10-22T21:06:34 IST" skipped="0">
  <testcase classname="testCases.TC008_SearchProductTest" name="verify_searchProduct" time="1.976"/>
</testsuite> <!-- testCases.TC008_SearchProductTest -->
