<?xml version="1.0" encoding="UTF-8"?>
<!-- Generated by org.testng.reporters.JUnitReportReporter -->
<testsuite hostname="LAPTOP-38MEE7AV" failures="0" tests="1" name="testCases.TC001_AccountRegistrationTest" time="3.863" errors="0" timestamp="2024-10-22T21:06:34 IST" skipped="0">
  <testcase classname="testCases.TC001_AccountRegistrationTest" name="verify_account_registration" time="3.863"/>
</testsuite> <!-- testCases.TC001_AccountRegistrationTest -->
