<?xml version="1.0" encoding="UTF-8"?>
<!-- Generated by org.testng.reporters.JUnitReportReporter -->
<testsuite hostname="LAPTOP-38MEE7AV" failures="0" tests="1" name="testCases.TC004_AddToCartTest" time="3.110" errors="0" timestamp="2024-10-22T21:06:34 IST" skipped="0">
  <testcase classname="testCases.TC004_AddToCartTest" name="verify_AddToCart" time="3.110"/>
</testsuite> <!-- testCases.TC004_AddToCartTest -->
