<?xml version="1.0" encoding="UTF-8"?>
<!-- Generated by org.testng.reporters.JUnitReportReporter -->
<testsuite hostname="LAPTOP-38MEE7AV" failures="0" tests="1" name="testCases.TC002_LoginTest" time="2.262" errors="0" timestamp="2024-10-09T14:35:52 IST" skipped="0">
  <testcase classname="testCases.TC002_LoginTest" name="verify_login" time="2.262"/>
</testsuite> <!-- testCases.TC002_LoginTest -->
